# stats: dump at 1503742138
stats: users 10621 10621
stats: {load,"tsung_controller@ip-172-31-23-133"} 1 0.0 0 0.0 0.0 0 0
stats: {cpu,"tsung_controller@ip-172-31-23-133"} 1 1.0891712953287451 0 1.0891712953287451 1.0891712953287451 0 0
stats: {freemem,"tsung_controller@ip-172-31-23-133"} 1 15571.75 0 15571.75 15571.75 0 0
stats: users_count 10621 10621
stats: finish_users_count 0 0
stats: connect 9981 0.990032795710287 0.8005104585143059 24.337890625 0.557861328125 0 0
stats: page 4015 5003.109111522708 1.3238390971088172 5026.049072265625 5001.56689453125 0 0
stats: request 4015 5003.109111522708 1.3238390971088172 5026.049072265625 5001.56689453125 0 0
stats: 200 4015 4015
stats: size_rcv 855195 855195
stats: size_sent 1553445 1553445
stats: connected 9980 9980
# stats: dump at 1503742148
stats: users 19998 19998
stats: {freemem,"os_mon@localhost"} 1 15029.2890625 0 15029.2890625 15029.2890625 0 0
stats: {load,"tsung_controller@ip-172-31-23-133"} 1 0.0 0.0 0.0 0.0 0.0 1
stats: {recvpackets,"tsung_controller@ip-172-31-23-133"} 1 33904 0 33904 33904 0 0
stats: {sentpackets,"tsung_controller@ip-172-31-23-133"} 1 44529 0 44529 44529 0 0
stats: {cpu,"tsung_controller@ip-172-31-23-133"} 1 13.152173913043477 0.0 13.152173913043477 1.0891712953287451 1.0891712953287451 1
stats: {cpu,"os_mon@localhost"} 1 15.14238773274918 0 15.14238773274918 15.14238773274918 0 0
stats: {freemem,"tsung_controller@ip-172-31-23-133"} 1 15129.62109375 0.0 15571.75 15129.62109375 15571.75 1
stats: {load,"os_mon@localhost"} 1 0.0 0 0.0 0.0 0 0
stats: session 2 5012.0430908203125 6.2679443359375 5018.31103515625 5005.775146484375 0 0
stats: users_count 9379 20000
stats: finish_users_count 2 2
stats: connect 10023 1.2400315699671989 1.0436686417701215 24.337890625 0.548095703125 0.990032795710287 9981
stats: page 25822 5004.686769506857 2.474952242192013 5205.16796875 5000.923828125 5003.109111522708 4015
stats: request 25822 5004.686769506857 2.474952242192013 5205.16796875 5000.923828125 5003.109111522708 4015
stats: 200 25822 29837
stats: error_unknown_msg 2 2
stats: size_rcv 5525886 6381081
stats: size_sent 3978462 5531907
stats: connected 10018 19998
# stats: dump at 1503742158
stats: users 19996 19998
stats: {freemem,"os_mon@localhost"} 1 14335.8515625 0.0 15029.2890625 14335.8515625 15029.2890625 1
stats: {load,"tsung_controller@ip-172-31-23-133"} 1 0.0703125 0.0 0.0703125 0.0 0.0 2
stats: {recvpackets,"tsung_controller@ip-172-31-23-133"} 1 75821.0 0.0 75821 33904 33904.0 1
stats: {sentpackets,"tsung_controller@ip-172-31-23-133"} 1 70044.0 0.0 70044 44529 44529.0 1
stats: {cpu,"tsung_controller@ip-172-31-23-133"} 1 22.094361334867664 0.0 22.094361334867664 1.0891712953287451 7.120672604186111 2
stats: {recvpackets,"os_mon@localhost"} 1 78196 0 78196 78196 0 0
stats: {sentpackets,"os_mon@localhost"} 1 67932 0 67932 67932 0 0
stats: {cpu,"os_mon@localhost"} 1 21.189591078066915 0.0 21.189591078066915 15.14238773274918 15.14238773274918 1
stats: {freemem,"tsung_controller@ip-172-31-23-133"} 1 14453.30859375 0.0 15571.75 14453.30859375 15350.685546875 2
stats: {load,"os_mon@localhost"} 1 0.0703125 0.0 0.0703125 0.0 0.0 1
stats: session 2 5015.17236328125 2.5615234375 5018.31103515625 5005.775146484375 5012.0430908203125 2
stats: users_count 0 20000
stats: finish_users_count 2 4
stats: request 39996 5010.521868800667 2.7821921847337046 5205.16796875 5000.923828125 5004.474472801212 29837
stats: connect 0 0 0 24.337890625 0.548095703125 1.1152946290624681 20004
stats: page 39996 5010.521868800667 2.7821921847337046 5205.16796875 5000.923828125 5004.474472801212 29837
stats: 200 39996 69833
stats: error_unknown_msg 2 4
stats: size_rcv 8559144 14940225
stats: size_sent 4439556 9971463
stats: connected -2 19996
# stats: dump at 1503742168
stats: users 19996 19998
stats: {freemem,"os_mon@localhost"} 1 13716.49609375 0.0 15029.2890625 13716.49609375 14682.5703125 2
stats: {load,"tsung_controller@ip-172-31-23-133"} 1 0.21875 0.0 0.21875 0.0 0.0234375 3
stats: {recvpackets,"tsung_controller@ip-172-31-23-133"} 1 79810.0 0.0 79810 33904 54862.5 2
stats: {sentpackets,"tsung_controller@ip-172-31-23-133"} 1 43552.0 0.0 70044 43552 57286.5 2
stats: {cpu,"tsung_controller@ip-172-31-23-133"} 1 17.215256008359457 0.0 22.094361334867664 1.0891712953287451 12.111902181079962 3
stats: {recvpackets,"os_mon@localhost"} 1 79849.0 0.0 79849 78196 78196.0 1
stats: {sentpackets,"os_mon@localhost"} 1 42129.0 0.0 67932 42129 67932.0 1
stats: {cpu,"os_mon@localhost"} 1 17.386777719937534 0.0 21.189591078066915 15.14238773274918 18.165989405408048 2
stats: {freemem,"tsung_controller@ip-172-31-23-133"} 1 13819.6484375 0.0 15571.75 13819.6484375 15051.559895833334 3
stats: {load,"os_mon@localhost"} 1 0.21875 0.0 0.21875 0.0 0.03515625 2
stats: session 0 0 0 5018.31103515625 5005.775146484375 5013.607727050781 4
stats: users_count 0 20000
stats: finish_users_count 0 4
stats: connect 0 0 0 24.337890625 0.548095703125 1.1152946290624681 20004
stats: page 40006 5010.817158541919 2.431883316022512 5205.16796875 5000.923828125 5007.938045186677 69833
stats: 200 40006 109839
stats: request 40006 5010.817158541919 2.431883316022512 5205.16796875 5000.923828125 5007.938045186677 69833
stats: error_unknown_msg 0 4
stats: size_rcv 8561284 23501509
stats: size_sent 4440666 14412129
stats: connected 0 19996
# stats: dump at 1503742178
stats: users 19996 19998
stats: {freemem,"os_mon@localhost"} 1 13546.4921875 0.0 15029.2890625 13546.4921875 14360.545572916666 3
stats: {load,"tsung_controller@ip-172-31-23-133"} 1 0.26953125 0.0 0.26953125 0.0 0.072265625 4
stats: {recvpackets,"tsung_controller@ip-172-31-23-133"} 1 79862.0 0.0 79862 33904 63178.333333333336 3
stats: {sentpackets,"tsung_controller@ip-172-31-23-133"} 1 39931.0 0.0 70044 39931 52708.333333333336 3
stats: {cpu,"tsung_controller@ip-172-31-23-133"} 1 16.86652763295099 0.0 22.094361334867664 1.0891712953287451 13.387740637899835 4
stats: {recvpackets,"os_mon@localhost"} 1 79908.0 0.0 79908 78196 79022.5 2
stats: {sentpackets,"os_mon@localhost"} 1 39954.0 0.0 67932 39954 55030.5 2
stats: {cpu,"os_mon@localhost"} 1 16.666666666666664 0.0 21.189591078066915 15.14238773274918 17.906252176917878 3
stats: {freemem,"tsung_controller@ip-172-31-23-133"} 1 13547.83984375 0.0 15571.75 13547.83984375 14743.58203125 4
stats: {load,"os_mon@localhost"} 1 0.26953125 0.0 0.26953125 0.0 0.09635416666666667 3
stats: session 0 0 0 5018.31103515625 5005.775146484375 5013.607727050781 4
stats: users_count 0 20000
stats: finish_users_count 0 4
stats: request 39988 5010.427766470766 2.542036227435494 5218.85888671875 5000.923828125 5008.986687371054 109839
stats: connect 0 0 0 24.337890625 0.548095703125 1.1152946290624681 20004
stats: page 39988 5010.427766470766 2.542036227435494 5218.85888671875 5000.923828125 5008.986687371054 109839
stats: 200 39988 149827
stats: error_unknown_msg 0 4
stats: size_rcv 8557432 32058941
stats: size_sent 4438668 18850797
stats: connected 0 19996
# stats: dump at 1503742188
stats: users 19996 19998
stats: {freemem,"os_mon@localhost"} 1 13513.03125 0.0 15029.2890625 13513.03125 14157.0322265625 4
stats: {load,"tsung_controller@ip-172-31-23-133"} 1 0.23046875 0.0 0.26953125 0.0 0.11171875 5
stats: {recvpackets,"tsung_controller@ip-172-31-23-133"} 1 79897.0 0.0 79897 33904 67349.25 4
stats: {sentpackets,"tsung_controller@ip-172-31-23-133"} 1 39952.0 0.0 70044 39931 49514.0 4
stats: {cpu,"tsung_controller@ip-172-31-23-133"} 1 16.850393700787404 0.0 22.094361334867664 1.0891712953287451 14.083498036910067 5
stats: {recvpackets,"os_mon@localhost"} 1 79715.0 0.0 79908 78196 79317.66666666667 3
stats: {sentpackets,"os_mon@localhost"} 1 39864.0 0.0 67932 39864 50005.0 3
stats: {cpu,"os_mon@localhost"} 1 16.657894736842106 0.0 21.189591078066915 15.14238773274918 17.596355799355074 4
stats: {freemem,"tsung_controller@ip-172-31-23-133"} 1 13520.09375 0.0 15571.75 13520.09375 14504.43359375 5
stats: {load,"os_mon@localhost"} 1 0.23046875 0.0 0.26953125 0.0 0.1396484375 4
stats: session 0 0 0 5018.31103515625 5005.775146484375 5013.607727050781 4
stats: users_count 0 20000
stats: finish_users_count 0 4
stats: request 39999 5010.5115563191775 2.9339297327418485 5218.85888671875 5000.923828125 5009.371303435177 149827
stats: page 39999 5010.5115563191775 2.9339297327418485 5218.85888671875 5000.923828125 5009.371303435177 149827
stats: connect 0 0 0 24.337890625 0.548095703125 1.1152946290624681 20004
stats: 200 39999 189826
stats: error_unknown_msg 0 4
stats: size_rcv 8559786 40618727
stats: size_sent 4439889 23290686
stats: connected 0 19996
# stats: dump at 1503742198
stats: users 19996 19998
stats: {freemem,"os_mon@localhost"} 1 13350.5234375 0.0 15029.2890625 13350.5234375 14028.23203125 5
stats: {load,"tsung_controller@ip-172-31-23-133"} 1 0.5703125 0.0 0.5703125 0.0 0.13151041666666666 6
stats: {recvpackets,"tsung_controller@ip-172-31-23-133"} 1 79932.0 0.0 79932 33904 69858.8 5
stats: {sentpackets,"tsung_controller@ip-172-31-23-133"} 1 39973.0 0.0 70044 39931 47601.6 5
stats: {cpu,"tsung_controller@ip-172-31-23-133"} 1 17.849686847599163 0.0 22.094361334867664 1.0891712953287451 14.544647314222956 6
stats: {recvpackets,"os_mon@localhost"} 1 79858.0 0.0 79908 78196 79417.0 4
stats: {sentpackets,"os_mon@localhost"} 1 39929.0 0.0 67932 39864 47469.75 4
stats: {cpu,"os_mon@localhost"} 1 18.21252273317745 0.0 21.189591078066915 15.14238773274918 17.40866358685248 5
stats: {freemem,"tsung_controller@ip-172-31-23-133"} 1 13366.91015625 0.0 15571.75 13366.91015625 14340.376953125 6
stats: {load,"os_mon@localhost"} 1 0.5703125 0.0 0.5703125 0.0 0.1578125 5
stats: session 0 0 0 5018.31103515625 5005.775146484375 5013.607727050781 4
stats: users_count 0 20000
stats: finish_users_count 0 4
stats: request 40001 5010.903672153089 2.516134166716114 5218.85888671875 5000.923828125 5009.611570706821 189826
stats: connect 0 0 0 24.337890625 0.548095703125 1.1152946290624681 20004
stats: 200 40001 229827
stats: page 40001 5010.903672153089 2.516134166716114 5218.85888671875 5000.923828125 5009.611570706821 189826
stats: error_unknown_msg 0 4
stats: size_rcv 8560214 49178941
stats: size_sent 4440111 27730797
stats: connected 0 19996
# stats: dump at 1503742208
stats: users 19996 19998
stats: {freemem,"os_mon@localhost"} 1 13270.88671875 0.0 15029.2890625 13270.88671875 13915.280598958334 6
stats: {load,"tsung_controller@ip-172-31-23-133"} 1 0.71875 0.0 0.71875 0.0 0.19419642857142858 7
stats: {recvpackets,"tsung_controller@ip-172-31-23-133"} 1 79772.0 0.0 79932 33904 71537.66666666667 6
stats: {sentpackets,"tsung_controller@ip-172-31-23-133"} 1 39882.0 0.0 70044 39882 46330.166666666664 6
stats: {cpu,"tsung_controller@ip-172-31-23-133"} 1 17.70049312224241 0.0 22.094361334867664 1.0891712953287451 15.016795818990985 7
stats: {recvpackets,"os_mon@localhost"} 1 79856.0 0.0 79908 78196 79505.2 5
stats: {sentpackets,"os_mon@localhost"} 1 39928.0 0.0 67932 39864 45961.6 5
stats: {cpu,"os_mon@localhost"} 1 17.618059159314996 0.0 21.189591078066915 15.14238773274918 17.542640111239976 6
stats: {freemem,"tsung_controller@ip-172-31-23-133"} 1 13271.3046875 0.0 15571.75 13271.3046875 14201.310267857143 7
stats: {load,"os_mon@localhost"} 1 0.71875 0.0 0.71875 0.0 0.2265625 6
stats: session 0 0 0 5018.31103515625 5005.775146484375 5013.607727050781 4
stats: users_count 0 20000
stats: finish_users_count 0 4
stats: request 39992 5011.085306984469 2.694334549469974 5218.85888671875 5000.8740234375 5009.836458774594 229827
stats: connect 0 0 0 24.337890625 0.548095703125 1.1152946290624681 20004
stats: page 39992 5011.085306984469 2.694334549469974 5218.85888671875 5000.8740234375 5009.836458774594 229827
stats: 200 39992 269819
stats: error_unknown_msg 0 4
stats: size_rcv 8558288 57737229
stats: size_sent 4439112 32169909
stats: connected 0 19996
# stats: dump at 1503742218
stats: users 19996 19998
stats: {freemem,"os_mon@localhost"} 1 13264.98046875 0.0 15029.2890625 13264.98046875 13823.224330357143 7
stats: {load,"tsung_controller@ip-172-31-23-133"} 1 0.69140625 0.0 0.71875 0.0 0.259765625 8
stats: {recvpackets,"tsung_controller@ip-172-31-23-133"} 1 79895.0 0.0 79932 33904 72714.0 7
stats: {sentpackets,"tsung_controller@ip-172-31-23-133"} 1 39948.0 0.0 70044 39882 45409.0 7
stats: {cpu,"tsung_controller@ip-172-31-23-133"} 1 17.572134130491293 0.0 22.094361334867664 1.0891712953287451 15.352257981897413 8
stats: {recvpackets,"os_mon@localhost"} 1 79721.0 0.0 79908 78196 79563.66666666667 6
stats: {sentpackets,"os_mon@localhost"} 1 39861.0 0.0 67932 39861 44956.0 6
stats: {cpu,"os_mon@localhost"} 1 17.68831168831169 0.0 21.189591078066915 15.14238773274918 17.553414260964978 7
stats: {freemem,"tsung_controller@ip-172-31-23-133"} 1 13263.38671875 0.0 15571.75 13263.38671875 14085.0595703125 8
stats: {load,"os_mon@localhost"} 1 0.69140625 0.0 0.71875 0.0 0.296875 7
stats: session 0 0 0 5018.31103515625 5005.775146484375 5013.607727050781 4
stats: users_count 0 20000
stats: finish_users_count 0 4
stats: page 39992 5010.962375018909 2.7183544938913453 5218.85888671875 5000.8740234375 5010.021560407946 269819
stats: request 39992 5010.962375018909 2.7183544938913453 5218.85888671875 5000.8740234375 5010.021560407946 269819
stats: connect 0 0 0 24.337890625 0.548095703125 1.1152946290624681 20004
stats: 200 39992 309811
stats: error_unknown_msg 0 4
stats: size_rcv 8558288 66295517
stats: size_sent 4439112 36609021
stats: connected 0 19996
# stats: dump at 1503742228
stats: users 19996 19998
stats: {freemem,"os_mon@localhost"} 1 13256.078125 0.0 15029.2890625 13256.078125 13753.44384765625 8
stats: {load,"tsung_controller@ip-172-31-23-133"} 1 0.578125 0.0 0.71875 0.0 0.3077256944444444 9
stats: {recvpackets,"tsung_controller@ip-172-31-23-133"} 1 79822.0 0.0 79932 33904 73611.625 8
stats: {sentpackets,"tsung_controller@ip-172-31-23-133"} 1 39911.0 0.0 70044 39882 44726.375 8
stats: {cpu,"tsung_controller@ip-172-31-23-133"} 1 18.313878080415044 0.0 22.094361334867664 1.0891712953287451 15.598910887296732 9
stats: {recvpackets,"os_mon@localhost"} 1 79960.0 0.0 79960 78196 79586.14285714286 7
stats: {sentpackets,"os_mon@localhost"} 1 39980.0 0.0 67932 39861 44228.142857142855 7
stats: {cpu,"os_mon@localhost"} 1 18.356235416126523 0.0 21.189591078066915 15.14238773274918 17.570276439383317 8
stats: {freemem,"tsung_controller@ip-172-31-23-133"} 1 13256.3125 0.0 15571.75 13256.3125 13993.762586805555 9
stats: {load,"os_mon@localhost"} 1 0.578125 0.0 0.71875 0.0 0.34619140625 8
stats: session 0 0 0 5018.31103515625 5005.775146484375 5013.607727050781 4
stats: users_count 0 20000
stats: finish_users_count 0 4
stats: request 39997 5011.141958767069 2.827816962697496 5218.85888671875 5000.8740234375 5010.143005604926 309811
stats: page 39997 5011.141958767069 2.827816962697496 5218.85888671875 5000.8740234375 5010.143005604926 309811
stats: 200 39997 349808
stats: connect 0 0 0 24.337890625 0.548095703125 1.1152946290624681 20004
stats: error_unknown_msg 0 4
stats: size_rcv 8559358 74854875
stats: size_sent 4439667 41048688
stats: connected 0 19996
# stats: dump at 1503742238
stats: users 19996 19998
stats: {freemem,"os_mon@localhost"} 1 13246.48046875 0.0 15029.2890625 13246.48046875 13698.180989583334 9
stats: {load,"tsung_controller@ip-172-31-23-133"} 1 0.48828125 0.0 0.71875 0.0 0.334765625 10
stats: {recvpackets,"tsung_controller@ip-172-31-23-133"} 1 79888.0 0.0 79932 33904 74301.66666666667 9
stats: {sentpackets,"tsung_controller@ip-172-31-23-133"} 1 39944.0 0.0 70044 39882 44191.333333333336 9
stats: {cpu,"tsung_controller@ip-172-31-23-133"} 1 18.67047520124643 0.0 22.094361334867664 1.0891712953287451 15.870407606608563 10
stats: {recvpackets,"os_mon@localhost"} 1 79772.0 0.0 79960 78196 79632.875 8
stats: {sentpackets,"os_mon@localhost"} 1 39886.0 0.0 67932 39861 43697.125 8
stats: {cpu,"os_mon@localhost"} 1 18.84396060134785 0.0 21.189591078066915 15.14238773274918 17.657605214577003 9
stats: {freemem,"tsung_controller@ip-172-31-23-133"} 1 13246.515625 0.0 15571.75 13246.515625 13920.017578125 10
stats: {load,"os_mon@localhost"} 1 0.48828125 0.0 0.71875 0.0 0.3719618055555556 9
stats: session 0 0 0 5018.31103515625 5005.775146484375 5013.607727050781 4
stats: users_count 0 20000
stats: finish_users_count 0 4
stats: request 39989 5011.6665270205585 2.8692986612724334 5218.85888671875 5000.8740234375 5010.257225776066 349808
stats: connect 0 0 0 24.337890625 0.548095703125 1.1152946290624681 20004
stats: 200 39989 389797
stats: page 39989 5011.6665270205585 2.8692986612724334 5218.85888671875 5000.8740234375 5010.257225776066 349808
stats: error_unknown_msg 0 4
stats: size_rcv 8557646 83412521
stats: size_sent 4438779 45487467
stats: connected 0 19996
# stats: dump at 1503742248
stats: users 19996 19998
stats: {freemem,"os_mon@localhost"} 1 13223.59375 0.0 15029.2890625 13223.59375 13653.0109375 10
stats: {load,"tsung_controller@ip-172-31-23-133"} 1 0.640625 0.0 0.71875 0.0 0.3487215909090909 11
stats: {recvpackets,"tsung_controller@ip-172-31-23-133"} 1 79702.0 0.0 79932 33904 74860.3 10
stats: {sentpackets,"tsung_controller@ip-172-31-23-133"} 1 39854.0 0.0 70044 39854 43766.6 10
stats: {cpu,"tsung_controller@ip-172-31-23-133"} 1 19.2039286637374 0.0 22.094361334867664 1.0891712953287451 16.124959206121098 11
stats: {recvpackets,"os_mon@localhost"} 1 79813.0 0.0 79960 78196 79648.33333333333 9
stats: {sentpackets,"os_mon@localhost"} 1 39908.0 0.0 67932 39861 43273.666666666664 9
stats: {cpu,"os_mon@localhost"} 1 18.87331256490135 0.0 21.189591078066915 15.14238773274918 17.77624075325409 10
stats: {freemem,"tsung_controller@ip-172-31-23-133"} 1 13223.515625 0.0 15571.75 13223.515625 13858.79012784091 11
stats: {load,"os_mon@localhost"} 1 0.640625 0.0 0.71875 0.0 0.38359375 10
stats: session 0 0 0 5018.31103515625 5005.775146484375 5013.607727050781 4
stats: users_count 0 20000
stats: finish_users_count 0 4
stats: request 39994 5011.327800738735 3.004359533414578 5218.85888671875 5000.8740234375 5010.4018049992665 389797
stats: connect 0 0 0 24.337890625 0.548095703125 1.1152946290624681 20004
stats: 200 39996 429793
stats: page 39994 5011.327800738735 3.004359533414578 5218.85888671875 5000.8740234375 5010.4018049992665 389797
stats: error_unknown_msg 0 4
stats: size_rcv 8558716 91971237
stats: size_sent 4439334 49926801
stats: connected 0 19996
# stats: dump at 1503742258
stats: users 19996 19998
stats: {freemem,"os_mon@localhost"} 1 13221.23046875 0.0 15029.2890625 13221.23046875 13613.973011363636 11
stats: {load,"tsung_controller@ip-172-31-23-133"} 1 0.9296875 0.0 0.9296875 0.0 0.373046875 12
stats: {recvpackets,"tsung_controller@ip-172-31-23-133"} 1 79798.0 0.0 79932 33904 75300.45454545454 11
stats: {sentpackets,"tsung_controller@ip-172-31-23-133"} 1 39899.0 0.0 70044 39854 43410.90909090909 11
stats: {cpu,"tsung_controller@ip-172-31-23-133"} 1 18.377956849493113 0.0 22.094361334867664 1.0891712953287451 16.38153999425579 12
stats: {recvpackets,"os_mon@localhost"} 1 79771.0 0.0 79960 78196 79664.8 10
stats: {sentpackets,"os_mon@localhost"} 1 39887.0 0.0 67932 39861 42937.1 10
stats: {cpu,"os_mon@localhost"} 1 18.487830139823924 0.0 21.189591078066915 15.14238773274918 17.87597455431293 11
stats: {freemem,"tsung_controller@ip-172-31-23-133"} 1 13220.84765625 0.0 15571.75 13220.84765625 13805.8505859375 12
stats: {load,"os_mon@localhost"} 1 0.9296875 0.0 0.9296875 0.0 0.4069602272727273 11
stats: session 0 0 0 5018.31103515625 5005.775146484375 5013.607727050781 4
stats: users_count 0 20000
stats: finish_users_count 0 4
stats: request 39994 5011.150976186439 2.784098543598166 5218.85888671875 5000.8740234375 5010.487973098655 429791
stats: connect 0 0 0 24.337890625 0.548095703125 1.1152946290624681 20004
stats: page 39994 5011.150976186439 2.784098543598166 5218.85888671875 5000.8740234375 5010.487973098655 429791
stats: 200 39992 469785
stats: error_unknown_msg 0 4
stats: size_rcv 8558716 100529953
stats: size_sent 4439334 54366135
stats: connected 0 19996
# stats: dump at 1503742268
stats: users 19996 19998
stats: {freemem,"os_mon@localhost"} 1 13220.55859375 0.0 15029.2890625 13220.55859375 13581.244466145834 12
stats: {load,"tsung_controller@ip-172-31-23-133"} 1 1.078125 0.0 1.078125 0.0 0.41586538461538464 13
stats: {recvpackets,"tsung_controller@ip-172-31-23-133"} 1 79924.0 0.0 79932 33904 75675.25 12
stats: {sentpackets,"tsung_controller@ip-172-31-23-133"} 1 39963.0 0.0 70044 39854 43118.25 12
stats: {cpu,"tsung_controller@ip-172-31-23-133"} 1 18.67905056759546 0.0 22.094361334867664 1.0891712953287451 16.535110521581736 13
stats: {recvpackets,"os_mon@localhost"} 1 79844.0 0.0 79960 78196 79674.45454545454 11
stats: {sentpackets,"os_mon@localhost"} 1 39923.0 0.0 67932 39861 42659.818181818184 11
stats: {cpu,"os_mon@localhost"} 1 18.63225806451613 0.0 21.189591078066915 15.14238773274918 17.92696251977218 12
stats: {freemem,"tsung_controller@ip-172-31-23-133"} 1 13221.00390625 0.0 15571.75 13220.84765625 13760.850360576924 13
stats: {load,"os_mon@localhost"} 1 1.078125 0.0 1.078125 0.0 0.4505208333333333 12
stats: session 0 0 0 5018.31103515625 5005.775146484375 5013.607727050781 4
stats: users_count 0 20000
stats: finish_users_count 0 4
stats: request 40003 5011.10181022925 2.8879524743027796 5218.85888671875 5000.8740234375 5010.54441624923 469785
stats: connect 0 0 0 24.337890625 0.548095703125 1.1152946290624681 20004
stats: page 40003 5011.10181022925 2.8879524743027796 5218.85888671875 5000.8740234375 5010.54441624923 469785
stats: 200 40003 509788
stats: error_unknown_msg 0 4
stats: size_rcv 8560642 109090595
stats: size_sent 4440333 58806468
stats: connected 0 19996
# stats: dump at 1503742278
stats: users 19996 19998
stats: {freemem,"os_mon@localhost"} 1 13211.43359375 0.0 15029.2890625 13211.43359375 13553.499399038461 13
stats: {load,"tsung_controller@ip-172-31-23-133"} 1 1.140625 0.0 1.140625 0.0 0.46316964285714285 14
stats: {recvpackets,"tsung_controller@ip-172-31-23-133"} 1 79811.0 0.0 79932 33904 76002.07692307692 13
stats: {sentpackets,"tsung_controller@ip-172-31-23-133"} 1 39906.0 0.0 70044 39854 42875.53846153846 13
stats: {cpu,"tsung_controller@ip-172-31-23-133"} 1 18.37893649974187 0.0 22.094361334867664 1.0891712953287451 16.688249096297003 14
stats: {recvpackets,"os_mon@localhost"} 1 79843.0 0.0 79960 78196 79688.58333333333 12
stats: {sentpackets,"os_mon@localhost"} 1 39922.0 0.0 67932 39861 42431.75 12
stats: {cpu,"os_mon@localhost"} 1 18.80297970716671 0.0 21.189591078066915 15.14238773274918 17.98121602321402 13
stats: {freemem,"tsung_controller@ip-172-31-23-133"} 1 13212.15625 0.0 15571.75 13212.15625 13722.28989955357 14
stats: {load,"os_mon@localhost"} 1 1.140625 0.0 1.140625 0.0 0.4987980769230769 13
stats: session 0 0 0 5018.31103515625 5005.775146484375 5013.607727050781 4
stats: users_count 0 20000
stats: finish_users_count 0 4
stats: connect 0 0 0 24.337890625 0.548095703125 1.1152946290624681 20004
stats: page 39992 5011.13980899206 2.7749159288919585 5218.85888671875 5000.8740234375 5010.588154884472 509788
stats: request 39992 5011.13980899206 2.7749159288919585 5218.85888671875 5000.8740234375 5010.588154884472 509788
stats: 200 39992 549780
stats: error_unknown_msg 0 4
stats: size_rcv 8558288 117648883
stats: size_sent 4439112 63245580
stats: connected 0 19996
# stats: dump at 1503742288
stats: users 19996 19998
stats: {freemem,"os_mon@localhost"} 1 13210.078125 0.0 15029.2890625 13210.078125 13529.066127232143 14
stats: {load,"tsung_controller@ip-172-31-23-133"} 1 1.12109375 0.0 1.140625 0.0 0.5083333333333333 15
stats: {recvpackets,"tsung_controller@ip-172-31-23-133"} 1 79984.0 0.0 79984 33904 76274.14285714286 14
stats: {sentpackets,"tsung_controller@ip-172-31-23-133"} 1 39992.0 0.0 70044 39854 42663.42857142857 14
stats: {cpu,"tsung_controller@ip-172-31-23-133"} 1 18.83720930232558 0.0 22.094361334867664 1.0891712953287451 16.800961589859995 15
stats: {recvpackets,"os_mon@localhost"} 1 79870.0 0.0 79960 78196 79700.46153846153 13
stats: {sentpackets,"os_mon@localhost"} 1 39935.0 0.0 67932 39861 42238.692307692305 13
stats: {cpu,"os_mon@localhost"} 1 18.460738429537184 0.0 21.189591078066915 15.14238773274918 18.039913429210642 14
stats: {freemem,"tsung_controller@ip-172-31-23-133"} 1 13210.60546875 0.0 15571.75 13210.60546875 13688.280989583332 15
stats: {load,"os_mon@localhost"} 1 1.12109375 0.0 1.140625 0.0 0.5446428571428571 14
stats: session 0 0 0 5018.31103515625 5005.775146484375 5013.607727050781 4
stats: users_count 0 20000
stats: finish_users_count 0 4
stats: request 39992 5011.0323244885485 2.7182512602115367 5218.85888671875 5000.8740234375 5010.628283210476 549780
stats: connect 0 0 0 24.337890625 0.548095703125 1.1152946290624681 20004
stats: 200 39992 589772
stats: page 39992 5011.0323244885485 2.7182512602115367 5218.85888671875 5000.8740234375 5010.628283210476 549780
stats: error_unknown_msg 0 4
stats: size_rcv 8558288 126207171
stats: size_sent 4439112 67684692
stats: connected 0 19996
# stats: dump at 1503742298
stats: users 19996 19998
stats: {freemem,"os_mon@localhost"} 1 13209.265625 0.0 15029.2890625 13209.265625 13507.800260416667 15
stats: {load,"tsung_controller@ip-172-31-23-133"} 1 0.94140625 0.0 1.140625 0.0 0.546630859375 16
stats: {recvpackets,"tsung_controller@ip-172-31-23-133"} 1 79888.0 0.0 79984 33904 76521.46666666666 15
stats: {sentpackets,"tsung_controller@ip-172-31-23-133"} 1 39944.0 0.0 70044 39854 42485.333333333336 15
stats: {cpu,"tsung_controller@ip-172-31-23-133"} 1 18.97222943161173 0.0 22.094361334867664 1.0891712953287451 16.928227071889093 16
stats: {recvpackets,"os_mon@localhost"} 1 79984.0 0.0 79984 78196 79712.57142857143 14
stats: {sentpackets,"os_mon@localhost"} 1 39992.0 0.0 67932 39861 42074.142857142855 14
stats: {cpu,"os_mon@localhost"} 1 19.01189860320745 0.0 21.189591078066915 15.14238773274918 18.067968429232412 15
stats: {freemem,"tsung_controller@ip-172-31-23-133"} 1 13208.7578125 0.0 15571.75 13208.7578125 13658.42626953125 16
stats: {load,"os_mon@localhost"} 1 0.94140625 0.0 1.140625 0.0 0.5830729166666667 15
stats: session 0 0 0 5018.31103515625 5005.775146484375 5013.607727050781 4
stats: users_count 0 20000
stats: finish_users_count 0 4
stats: page 39994 5011.114550910679 2.9695705244547064 5218.85888671875 5000.8740234375 5010.655680948573 589772
stats: request 39994 5011.114550910679 2.9695705244547064 5218.85888671875 5000.8740234375 5010.655680948573 589772
stats: connect 0 0 0 24.337890625 0.548095703125 1.1152946290624681 20004
stats: 200 39994 629766
stats: error_unknown_msg 0 4
stats: size_rcv 8558716 134765887
stats: size_sent 4439334 72124026
stats: connected 0 19996
# stats: dump at 1503742308
stats: users 19996 19998
stats: {freemem,"os_mon@localhost"} 1 13207.7890625 0.0 15029.2890625 13207.7890625 13489.141845703125 16
stats: {load,"tsung_controller@ip-172-31-23-133"} 1 0.80078125 0.0 1.140625 0.0 0.5698529411764706 17
stats: {recvpackets,"tsung_controller@ip-172-31-23-133"} 1 79853.0 0.0 79984 33904 76731.875 16
stats: {sentpackets,"tsung_controller@ip-172-31-23-133"} 1 39927.0 0.0 70044 39854 42326.5 16
stats: {cpu,"tsung_controller@ip-172-31-23-133"} 1 18.851403553953126 0.0 22.094361334867664 1.0891712953287451 17.048462504813955 17
stats: {recvpackets,"os_mon@localhost"} 1 79919.0 0.0 79984 78196 79730.66666666667 15
stats: {sentpackets,"os_mon@localhost"} 1 39960.0 0.0 67932 39861 41935.333333333336 15
stats: {cpu,"os_mon@localhost"} 1 18.662880743417656 0.0 21.189591078066915 15.14238773274918 18.126964065105852 16
stats: {freemem,"tsung_controller@ip-172-31-23-133"} 1 13208.04296875 0.0 15571.75 13208.04296875 13631.97518382353 17
stats: {load,"os_mon@localhost"} 1 0.80078125 0.0 1.140625 0.0 0.60546875 16
stats: session 0 0 0 5018.31103515625 5005.775146484375 5013.607727050781 4
stats: users_count 0 20000
stats: finish_users_count 0 4
stats: request 39992 5009.7849625101035 2.5700271554417022 5218.85888671875 5000.8740234375 5010.6848220029715 629766
stats: connect 0 0 0 24.337890625 0.548095703125 1.1152946290624681 20004
stats: page 39992 5009.7849625101035 2.5700271554417022 5218.85888671875 5000.8740234375 5010.6848220029715 629766
stats: 200 39992 669758
stats: error_unknown_msg 0 4
stats: size_rcv 8558288 143324175
stats: size_sent 4439112 76563138
stats: connected 0 19996
# stats: dump at 1503742318
stats: users 19996 19998
stats: {freemem,"os_mon@localhost"} 1 13205.8671875 0.0 15029.2890625 13205.8671875 13472.591681985294 17
stats: {load,"tsung_controller@ip-172-31-23-133"} 1 1.140625 0.0 1.140625 0.0 0.5826822916666666 18
stats: {recvpackets,"tsung_controller@ip-172-31-23-133"} 1 79874.0 0.0 79984 33904 76915.4705882353 17
stats: {sentpackets,"tsung_controller@ip-172-31-23-133"} 1 39938.0 0.0 70044 39854 42185.35294117647 17
stats: {cpu,"tsung_controller@ip-172-31-23-133"} 1 18.401245782507136 0.0 22.094361334867664 1.0891712953287451 17.148625896432797 18
stats: {recvpackets,"os_mon@localhost"} 1 79858.0 0.0 79984 78196 79742.4375 16
stats: {sentpackets,"os_mon@localhost"} 1 39923.0 0.0 67932 39861 41811.875 16
stats: {cpu,"os_mon@localhost"} 1 18.55883877656817 0.0 21.189591078066915 15.14238773274918 18.15848857559478 17
stats: {freemem,"tsung_controller@ip-172-31-23-133"} 1 13205.19140625 0.0 15571.75 13205.19140625 13608.423394097223 18
stats: {load,"os_mon@localhost"} 1 1.140625 0.0 1.140625 0.0 0.6169577205882353 17
stats: session 0 0 0 5018.31103515625 5005.775146484375 5013.607727050781 4
stats: users_count 0 20000
stats: finish_users_count 0 4
stats: request 39992 5009.809585043258 2.654603488068917 5218.85888671875 5000.8740234375 5010.631090385225 669758
stats: connect 0 0 0 24.337890625 0.548095703125 1.1152946290624681 20004
stats: 200 39992 709750
stats: page 39992 5009.809585043258 2.654603488068917 5218.85888671875 5000.8740234375 5010.631090385225 669758
stats: error_unknown_msg 0 4
stats: size_rcv 8558288 151882463
stats: size_sent 4439112 81002250
stats: connected 0 19996
# stats: dump at 1503742328
stats: users 19996 19998
stats: {freemem,"os_mon@localhost"} 1 13204.578125 0.0 15029.2890625 13204.578125 13457.773654513889 18
stats: {load,"tsung_controller@ip-172-31-23-133"} 1 1.28125 0.0 1.28125 0.0 0.612047697368421 19
stats: {recvpackets,"tsung_controller@ip-172-31-23-133"} 1 79870.0 0.0 79984 33904 77079.83333333333 18
stats: {sentpackets,"tsung_controller@ip-172-31-23-133"} 1 39935.0 0.0 70044 39854 42060.5 18
stats: {cpu,"tsung_controller@ip-172-31-23-133"} 1 19.058701836048616 0.0 22.094361334867664 1.0891712953287451 17.214553258857762 19
stats: {recvpackets,"os_mon@localhost"} 1 79870.0 0.0 79984 78196 79749.23529411765 17
stats: {sentpackets,"os_mon@localhost"} 1 39941.0 0.0 67932 39861 41700.76470588235 17
stats: {cpu,"os_mon@localhost"} 1 19.17312661498708 0.0 21.189591078066915 15.14238773274918 18.180730253426635 18
stats: {freemem,"tsung_controller@ip-172-31-23-133"} 1 13204.05859375 0.0 15571.75 13204.05859375 13587.200657894737 19
stats: {load,"os_mon@localhost"} 1 1.28125 0.0 1.28125 0.0 0.6460503472222222 18
stats: session 0 0 0 5018.31103515625 5005.775146484375 5013.607727050781 4
stats: users_count 0 20000
stats: finish_users_count 0 4
stats: request 40005 5010.581549425441 3.4063271200266967 5218.85888671875 5000.8740234375 5010.5848013515715 709750
stats: connect 0 0 0 24.337890625 0.548095703125 1.1152946290624681 20004
stats: page 40005 5010.581549425441 3.4063271200266967 5218.85888671875 5000.8740234375 5010.5848013515715 709750
stats: 200 40005 749755
stats: error_unknown_msg 0 4
stats: size_rcv 8561070 160443533
stats: size_sent 4440555 85442805
stats: connected 0 19996
# stats: dump at 1503742338
stats: users 19996 19998
stats: {freemem,"os_mon@localhost"} 1 13203.96484375 0.0 15029.2890625 13203.96484375 13444.447574013158 19
stats: {load,"tsung_controller@ip-172-31-23-133"} 1 1.078125 0.0 1.28125 0.0 0.6455078125 20
stats: {recvpackets,"tsung_controller@ip-172-31-23-133"} 1 79857.0 0.0 79984 33904 77226.68421052632 19
stats: {sentpackets,"tsung_controller@ip-172-31-23-133"} 1 39930.0 0.0 70044 39854 41948.63157894737 19
stats: {cpu,"tsung_controller@ip-172-31-23-133"} 1 19.16883116883117 0.0 22.094361334867664 1.0891712953287451 17.306760687717304 20
stats: {recvpackets,"os_mon@localhost"} 1 79941.0 0.0 79984 78196 79755.94444444444 18
stats: {sentpackets,"os_mon@localhost"} 1 39974.0 0.0 67932 39861 41603.0 18
stats: {cpu,"os_mon@localhost"} 1 19.44084908102511 0.0 21.189591078066915 15.14238773274918 18.232961640877186 19
stats: {freemem,"tsung_controller@ip-172-31-23-133"} 1 13204.08203125 0.0 15571.75 13204.05859375 13568.0435546875 20
stats: {load,"os_mon@localhost"} 1 1.078125 0.0 1.28125 0.0 0.6794819078947368 19
stats: session 0 0 0 5018.31103515625 5005.775146484375 5013.607727050781 4
stats: users_count 0 20000
stats: finish_users_count 0 4
stats: request 39992 5012.2234476924405 3.353816384372128 5218.85888671875 5000.8740234375 5010.58462783715 749755
stats: connect 0 0 0 24.337890625 0.548095703125 1.1152946290624681 20004
stats: 200 39992 789747
stats: page 39992 5012.2234476924405 3.353816384372128 5218.85888671875 5000.8740234375 5010.58462783715 749755
stats: error_unknown_msg 0 4
stats: size_rcv 8558288 169001821
stats: size_sent 4439112 89881917
stats: connected 0 19996
# stats: dump at 1503742348
stats: users 19996 19998
stats: {freemem,"os_mon@localhost"} 1 13201.86328125 0.0 15029.2890625 13201.86328125 13432.4234375 20
stats: {load,"tsung_controller@ip-172-31-23-133"} 1 1.05859375 0.0 1.28125 0.0 0.6661086309523809 21
stats: {recvpackets,"tsung_controller@ip-172-31-23-133"} 1 79776.0 0.0 79984 33904 77358.2 20
stats: {sentpackets,"tsung_controller@ip-172-31-23-133"} 1 39891.0 0.0 70044 39854 41847.7 20
stats: {cpu,"tsung_controller@ip-172-31-23-133"} 1 20.535714285714285 0.0 22.094361334867664 1.0891712953287451 17.395430710627487 21
stats: {recvpackets,"os_mon@localhost"} 1 79794.0 0.0 79984 78196 79765.68421052632 19
stats: {sentpackets,"os_mon@localhost"} 1 39899.0 0.0 67932 39861 41517.26315789474 19
stats: {cpu,"os_mon@localhost"} 1 20.4742478327384 0.0 21.189591078066915 15.14238773274918 18.293356012884583 20
stats: {freemem,"tsung_controller@ip-172-31-23-133"} 1 13201.39453125 0.0 15571.75 13201.39453125 13550.71205357143 21
stats: {load,"os_mon@localhost"} 1 1.05859375 0.0 1.28125 0.0 0.6994140625 20
stats: session 0 0 0 5018.31103515625 5005.775146484375 5013.607727050781 4
stats: users_count 0 20000
stats: finish_users_count 0 4
stats: connect 0 0 0 24.337890625 0.548095703125 1.1152946290624681 20004
stats: request 39992 5011.455374467212 3.2374270016882245 5218.85888671875 5000.8740234375 5010.667616039262 789747
stats: page 39992 5011.455374467212 3.2374270016882245 5218.85888671875 5000.8740234375 5010.667616039262 789747
stats: 200 39992 829739
stats: error_unknown_msg 0 4
stats: size_rcv 8558288 177560109
stats: size_sent 4439112 94321029
stats: connected 0 19996
# stats: dump at 1503742358
stats: users 19996 19998
stats: {freemem,"os_mon@localhost"} 1 13192.66796875 0.0 15029.2890625 13192.66796875 13421.444382440477 21
stats: {load,"tsung_controller@ip-172-31-23-133"} 1 1.21875 0.0 1.28125 0.0 0.6839488636363636 22
stats: {recvpackets,"tsung_controller@ip-172-31-23-133"} 1 79915.0 0.0 79984 33904 77473.33333333333 21
stats: {sentpackets,"tsung_controller@ip-172-31-23-133"} 1 39960.0 0.0 70044 39854 41754.52380952381 21
stats: {cpu,"tsung_controller@ip-172-31-23-133"} 1 19.826486348558305 0.0 22.094361334867664 1.0891712953287451 17.53817087313143 22
stats: {recvpackets,"os_mon@localhost"} 1 79892.0 0.0 79984 78196 79767.1 20
stats: {sentpackets,"os_mon@localhost"} 1 39949.0 0.0 67932 39861 41436.350000000006 20
stats: {cpu,"os_mon@localhost"} 1 19.406041986687146 0.0 21.189591078066915 15.14238773274918 18.397208004306194 21
stats: {freemem,"tsung_controller@ip-172-31-23-133"} 1 13192.96484375 0.0 15571.75 13192.96484375 13534.833984375 22
stats: {load,"os_mon@localhost"} 1 1.21875 0.0 1.28125 0.0 0.7165178571428571 21
stats: session 0 0 0 5018.31103515625 5005.775146484375 5013.607727050781 4
stats: users_count 0 20000
stats: finish_users_count 0 4
stats: connect 0 0 0 24.337890625 0.548095703125 1.1152946290624681 20004
stats: request 39992 5011.2190149821745 3.1454580289649683 5218.85888671875 5000.8740234375 5010.705584647523 829739
stats: 200 39992 869731
stats: page 39992 5011.2190149821745 3.1454580289649683 5218.85888671875 5000.8740234375 5010.705584647523 829739
stats: error_unknown_msg 0 4
stats: size_rcv 8558288 186118397
stats: size_sent 4439112 98760141
stats: connected 0 19996
# stats: dump at 1503742368
stats: users 19996 19998
stats: {freemem,"os_mon@localhost"} 1 13183.77734375 0.0 15029.2890625 13183.77734375 13411.045454545454 22
stats: {load,"tsung_controller@ip-172-31-23-133"} 1 1.33984375 0.0 1.33984375 0.0 0.7072010869565217 23
stats: {recvpackets,"tsung_controller@ip-172-31-23-133"} 1 79869.0 0.0 79984 33904 77584.31818181818 22
stats: {sentpackets,"tsung_controller@ip-172-31-23-133"} 1 39936.0 0.0 70044 39854 41672.954545454544 22
stats: {cpu,"tsung_controller@ip-172-31-23-133"} 1 19.1745706229172 0.0 22.094361334867664 1.0891712953287451 17.637662850323906 23
stats: {recvpackets,"os_mon@localhost"} 1 79854.0 0.0 79984 78196 79773.04761904762 21
stats: {sentpackets,"os_mon@localhost"} 1 39928.0 0.0 67932 39861 41365.52380952382 21
stats: {cpu,"os_mon@localhost"} 1 19.25831202046036 0.0 21.189591078066915 15.14238773274918 18.44306409441442 22
stats: {freemem,"tsung_controller@ip-172-31-23-133"} 1 13184.078125 0.0 15571.75 13184.078125 13519.970108695652 23
stats: {load,"os_mon@localhost"} 1 1.33984375 0.0 1.33984375 0.0 0.7393465909090909 22
stats: session 0 0 0 5018.31103515625 5005.775146484375 5013.607727050781 4
stats: users_count 0 20000
stats: finish_users_count 0 4
stats: request 38070 5011.200678091416 2.8572017419882783 5218.85888671875 5000.8740234375 5010.729193218384 869731
stats: page 38070 5011.200678091416 2.8572017419882783 5218.85888671875 5000.8740234375 5010.729193218384 869731
stats: connect 0 0 0 24.337890625 0.548095703125 1.1152946290624681 20004
stats: 200 38070 907801
stats: error_unknown_msg 0 4
stats: size_rcv 8146980 194265377
stats: size_sent 4225770 102985911
stats: connected 0 19996
# stats: dump at 1503742378
stats: users 19996 19998
stats: {freemem,"os_mon@localhost"} 1 13180.16015625 0.0 15029.2890625 13180.16015625 13401.164232336956 23
stats: {load,"tsung_controller@ip-172-31-23-133"} 1 1.66015625 0.0 1.66015625 0.0 0.7335611979166666 24
stats: {recvpackets,"tsung_controller@ip-172-31-23-133"} 1 79916.0 0.0 79984 33904 77683.65217391304 23
stats: {sentpackets,"tsung_controller@ip-172-31-23-133"} 1 39960.0 0.0 70044 39854 41597.434782608696 23
stats: {cpu,"tsung_controller@ip-172-31-23-133"} 1 19.51219512195122 0.0 22.094361334867664 1.0891712953287451 17.70170067418196 24
stats: {recvpackets,"os_mon@localhost"} 1 79936.0 0.0 79984 78196 79776.72727272728 22
stats: {sentpackets,"os_mon@localhost"} 1 39970.0 0.0 67932 39861 41300.18181818182 22
stats: {cpu,"os_mon@localhost"} 1 19.413731036256106 0.0 21.189591078066915 15.14238773274918 18.478509656416417 23
stats: {freemem,"tsung_controller@ip-172-31-23-133"} 1 13180.41015625 0.0 15571.75 13180.41015625 13505.974609375 24
stats: {load,"os_mon@localhost"} 1 1.66015625 0.0 1.66015625 0.0 0.7654551630434783 23
stats: session 0 0 0 5018.31103515625 5005.775146484375 5013.607727050781 4
stats: users_count 0 20000
stats: finish_users_count 0 4
stats: request 39986 5011.105666237338 3.3127627502544112 5218.85888671875 5000.8740234375 5010.748965645509 907801
stats: 200 39986 947787
stats: page 39986 5011.105666237338 3.3127627502544112 5218.85888671875 5000.8740234375 5010.748965645509 907801
stats: connect 0 0 0 24.337890625 0.548095703125 1.1152946290624681 20004
stats: error_unknown_msg 0 4
stats: size_rcv 8557004 202822381
stats: size_sent 4438446 107424357
stats: connected 0 19996
# stats: dump at 1503742388
stats: users 10043 19998
stats: {freemem,"os_mon@localhost"} 1 13179.5703125 0.0 15029.2890625 13179.5703125 13391.955729166666 24
stats: {load,"tsung_controller@ip-172-31-23-133"} 1 1.7109375 0.0 1.7109375 0.0 0.770625 25
stats: {recvpackets,"tsung_controller@ip-172-31-23-133"} 1 79854.0 0.0 79984 33904 77776.66666666667 24
stats: {sentpackets,"tsung_controller@ip-172-31-23-133"} 1 39930.0 0.0 70044 39854 41529.208333333336 24
stats: {cpu,"tsung_controller@ip-172-31-23-133"} 1 19.180201082753285 0.0 22.094361334867664 1.0891712953287451 17.77412045209273 25
stats: {recvpackets,"os_mon@localhost"} 1 79938.0 0.0 79984 78196 79783.65217391305 23
stats: {sentpackets,"os_mon@localhost"} 1 39969.0 0.0 67932 39861 41242.34782608696 23
stats: {cpu,"os_mon@localhost"} 1 19.41448382126348 0.0 21.189591078066915 15.14238773274918 18.517477213909736 24
stats: {freemem,"tsung_controller@ip-172-31-23-133"} 1 13179.3125 0.0 15571.75 13179.3125 13492.95203125 25
stats: {load,"os_mon@localhost"} 1 1.7109375 0.0 1.7109375 0.0 0.802734375 24
stats: session 9953 250538.97962798207 31.432814196283967 250767.33911132813 5005.775146484375 5013.607727050781 4
stats: users_count 0 20000
stats: finish_users_count 9953 9957
stats: request 36602 5011.083827159733 2.956025186374311 5218.85888671875 5000.8740234375 5010.764014416874 947787
stats: connect 0 0 0 24.337890625 0.548095703125 1.1152946290624681 20004
stats: page 36602 5011.083827159733 2.956025186374311 5218.85888671875 5000.8740234375 5010.764014416874 947787
stats: 200 36602 984389
stats: error_unknown_msg 0 4
stats: size_rcv 7832828 210655209
stats: size_sent 3019533 110443890
stats: connected -9399 10597
# stats: dump at 1503742398
stats: users 0 19998
stats: {freemem,"os_mon@localhost"} 1 13208.05859375 0.0 15029.2890625 13179.5703125 13383.4603125 25
stats: {load,"tsung_controller@ip-172-31-23-133"} 1 1.44921875 0.0 1.7109375 0.0 0.8067908653846154 26
stats: {recvpackets,"tsung_controller@ip-172-31-23-133"} 1 71753.0 0.0 79984 33904 77859.76 25
stats: {sentpackets,"tsung_controller@ip-172-31-23-133"} 1 45955.0 0.0 70044 39854 41465.24 25
stats: {cpu,"tsung_controller@ip-172-31-23-133"} 1 20.71979434447301 0.0 22.094361334867664 1.0891712953287451 17.828200476348908 26
stats: {recvpackets,"os_mon@localhost"} 1 68496.0 0.0 79984 68496 79790.08333333334 24
stats: {sentpackets,"os_mon@localhost"} 1 45891.0 0.0 67932 39861 41189.29166666667 24
stats: {cpu,"os_mon@localhost"} 1 20.37657982976528 0.0 21.189591078066915 15.14238773274918 18.553357478203885 25
stats: {freemem,"tsung_controller@ip-172-31-23-133"} 1 13200.16796875 0.0 15571.75 13179.3125 13480.88897235577 26
stats: {load,"os_mon@localhost"} 1 1.44921875 0.0 1.7109375 0.0 0.8390625 25
stats: session 10043 250544.10521634412 33.068374325979775 250842.52905273438 5005.775146484375 250440.34535183426 9957
stats: users_count 0 20000
stats: finish_users_count 10043 20000
stats: request 15411 5005.451999665561 2.362574413648131 5218.85888671875 5000.8740234375 5010.7759058398915 984389
stats: connect 0 0 0 24.337890625 0.548095703125 1.1152946290624681 20004
stats: page 15411 5005.451999665561 2.362574413648131 5218.85888671875 5000.8740234375 5010.7759058398915 984389
stats: 200 15411 999800
stats: error_unknown_msg 0 4
stats: size_rcv 3282666 213937875
stats: size_sent 534354 110978244
stats: connected -10597 0
# stats: dump at 1503742408
stats: users 0 19998
stats: {freemem,"os_mon@localhost"} 1 14903.33203125 0.0 15029.2890625 13179.5703125 13376.714092548076 26
stats: {load,"tsung_controller@ip-172-31-23-133"} 1 1.23046875 0.0 1.7109375 0.0 0.8305844907407407 27
stats: {recvpackets,"tsung_controller@ip-172-31-23-133"} 1 28075.0 0.0 79984 28075 77624.88461538461 26
stats: {sentpackets,"tsung_controller@ip-172-31-23-133"} 1 23953.0 0.0 70044 23953 41637.92307692308 26
stats: {cpu,"tsung_controller@ip-172-31-23-133"} 1 12.081736909323118 0.0 22.094361334867664 1.0891712953287451 17.93529654553869 27
stats: {recvpackets,"os_mon@localhost"} 1 21836.0 0.0 79984 21836 79338.32 25
stats: {sentpackets,"os_mon@localhost"} 1 19272.0 0.0 67932 19272 41377.36000000001 25
stats: {cpu,"os_mon@localhost"} 1 9.972017298397354 0.0 21.189591078066915 9.972017298397354 18.623481414802402 26
stats: {freemem,"tsung_controller@ip-172-31-23-133"} 1 14872.11328125 0.0 15571.75 13179.3125 13470.491898148148 27
stats: {load,"os_mon@localhost"} 1 1.23046875 0.0 1.7109375 0.0 0.8625300480769231 26
stats: session 0 0 0 250842.52905273438 5005.775146484375 250492.4483677979 20000
stats: users_count 0 20000
stats: finish_users_count 0 20000
stats: connect 0 0 0 24.337890625 0.548095703125 1.1152946290624681 20004
stats: page 0 0 0 5218.85888671875 5000.8740234375 5010.693842709213 999800
stats: request 0 0 0 5218.85888671875 5000.8740234375 5010.693842709213 999800
stats: 200 0 999800
stats: error_unknown_msg 0 4
stats: size_rcv 0 213937875
stats: size_sent 0 110978244
stats: connected 0 0
# stats: dump at 1503742418
stats: users 0 19998
stats: {freemem,"os_mon@localhost"} 1 15104.25 0.0 15104.25 13179.5703125 13433.255497685184 27
stats: {load,"tsung_controller@ip-172-31-23-133"} 1 1.0390625 0.0 1.7109375 0.0 0.8448660714285714 28
stats: {recvpackets,"tsung_controller@ip-172-31-23-133"} 1 1.0 0.0 79984 1 75789.7037037037 27
stats: {sentpackets,"tsung_controller@ip-172-31-23-133"} 1 1.0 0.0 70044 1 40982.92592592593 27
stats: {cpu,"tsung_controller@ip-172-31-23-133"} 1 0.02501250625312656 0.0 22.094361334867664 0.02501250625312656 17.72624084424528 28
stats: {recvpackets,"os_mon@localhost"} 1 1.0 0.0 79984 1 77126.69230769231 26
stats: {sentpackets,"os_mon@localhost"} 1 1.0 0.0 67932 1 40527.15384615386 26
stats: {cpu,"os_mon@localhost"} 1 0.02498750624687656 0.0 21.189591078066915 0.02498750624687656 18.30305681789851 27
stats: {freemem,"tsung_controller@ip-172-31-23-133"} 1 15102.22265625 0.0 15571.75 13179.3125 13520.5498046875 28
stats: {load,"os_mon@localhost"} 1 1.0390625 0.0 1.7109375 0.0 0.8761574074074074 27
stats: session 0 0 0 250842.52905273438 5005.775146484375 250492.4483677979 20000
stats: users_count 0 20000
stats: finish_users_count 0 20000
stats: request 0 0 0 5218.85888671875 5000.8740234375 5010.693842709213 999800
stats: page 0 0 0 5218.85888671875 5000.8740234375 5010.693842709213 999800
stats: 200 0 999800
stats: connect 0 0 0 24.337890625 0.548095703125 1.1152946290624681 20004
stats: error_unknown_msg 0 4
stats: size_rcv 0 213937875
stats: size_sent 0 110978244
stats: connected 0 0
# stats: dump at 1503742428
stats: users 0 19998
stats: {freemem,"os_mon@localhost"} 1 15105.16796875 0.0 15105.16796875 13179.5703125 13492.933872767857 28
stats: {load,"tsung_controller@ip-172-31-23-133"} 1 0.87890625 0.0 1.7109375 0.0 0.8515625 29
stats: {recvpackets,"tsung_controller@ip-172-31-23-133"} 1 0.0 0.0 79984 0 73082.96428571428 28
stats: {sentpackets,"tsung_controller@ip-172-31-23-133"} 1 0.0 0.0 70044 0 39519.28571428572 28
stats: {cpu,"tsung_controller@ip-172-31-23-133"} 1 0.025 0.0 22.094361334867664 0.025 17.115853660176583 29
stats: {recvpackets,"os_mon@localhost"} 1 0.0 0.0 79984 0 74270.18518518518 27
stats: {sentpackets,"os_mon@localhost"} 1 0.0 0.0 67932 0 39026.1851851852 27
stats: {cpu,"os_mon@localhost"} 1 0.02498750624687656 0.0 21.189591078066915 0.02498750624687656 17.650268628196667 28
stats: {freemem,"tsung_controller@ip-172-31-23-133"} 1 15105.1640625 0.0 15571.75 13179.3125 13575.090247844828 29
stats: {load,"os_mon@localhost"} 1 0.87890625 0.0 1.7109375 0.0 0.8819754464285714 28
stats: session 0 0 0 250842.52905273438 5005.775146484375 250492.4483677979 20000
stats: users_count 0 20000
stats: finish_users_count 0 20000
stats: connect 0 0 0 24.337890625 0.548095703125 1.1152946290624681 20004
stats: request 0 0 0 5218.85888671875 5000.8740234375 5010.693842709213 999800
stats: 200 0 999800
stats: page 0 0 0 5218.85888671875 5000.8740234375 5010.693842709213 999800
stats: error_unknown_msg 0 4
stats: size_rcv 0 213937875
stats: size_sent 0 110978244
stats: connected 0 0
# stats: dump at 1503742438
stats: users 0 19998
stats: {freemem,"os_mon@localhost"} 1 15105.7734375 0.0 15105.7734375 13179.5703125 13548.528151939656 29
stats: {load,"tsung_controller@ip-172-31-23-133"} 1 0.73828125 0.0 1.7109375 0.0 0.8524739583333333 30
stats: {recvpackets,"tsung_controller@ip-172-31-23-133"} 1 0.0 0.0 79984 0 70562.8620689655 29
stats: {sentpackets,"tsung_controller@ip-172-31-23-133"} 1 0.0 0.0 70044 0 38156.55172413793 29
stats: {cpu,"tsung_controller@ip-172-31-23-133"} 1 0.025 0.0 22.094361334867664 0.025 16.546158538170697 30
stats: {recvpackets,"os_mon@localhost"} 1 0.0 0.0 79984 0 71617.67857142857 28
stats: {sentpackets,"os_mon@localhost"} 1 0.0 0.0 67932 0 37632.39285714286 28
stats: {cpu,"os_mon@localhost"} 1 0.024993751562109475 0.0 21.189591078066915 0.02498750624687656 17.042500313646674 29
stats: {freemem,"tsung_controller@ip-172-31-23-133"} 1 15105.2890625 0.0 15571.75 13179.3125 13626.092708333334 30
stats: {load,"os_mon@localhost"} 1 0.73828125 0.0 1.7109375 0.0 0.8818696120689655 29
stats: session 0 0 0 250842.52905273438 5005.775146484375 250492.4483677979 20000
stats: users_count 0 20000
stats: finish_users_count 0 20000
stats: request 0 0 0 5218.85888671875 5000.8740234375 5010.693842709213 999800
stats: 200 0 999800
stats: page 0 0 0 5218.85888671875 5000.8740234375 5010.693842709213 999800
stats: connect 0 0 0 24.337890625 0.548095703125 1.1152946290624681 20004
stats: error_unknown_msg 0 4
stats: size_rcv 0 213937875
stats: size_sent 0 110978244
stats: connected 0 0
# stats: dump at 1503742447
stats: users 0 19998
stats: {freemem,"os_mon@localhost"} 1 15121.23046875 0.0 15121.23046875 13179.5703125 13600.436328125 30
stats: {load,"tsung_controller@ip-172-31-23-133"} 1 0.62890625 0.0 1.7109375 0.0 0.8487903225806451 31
stats: {recvpackets,"tsung_controller@ip-172-31-23-133"} 1 0.0 0.0 79984 0 68210.76666666666 30
stats: {sentpackets,"tsung_controller@ip-172-31-23-133"} 1 0.0 0.0 70044 0 36884.666666666664 30
stats: {cpu,"tsung_controller@ip-172-31-23-133"} 1 0.0 0.0 22.094361334867664 0.0 16.01321794016519 31
stats: {recvpackets,"os_mon@localhost"} 1 0.0 0.0 79984 0 69148.10344827586 29
stats: {sentpackets,"os_mon@localhost"} 1 0.0 0.0 67932 0 36334.72413793104 29
stats: {cpu,"os_mon@localhost"} 1 0.0 0.0 21.189591078066915 0.0 16.47525009491052 30
stats: {freemem,"tsung_controller@ip-172-31-23-133"} 1 15113.28515625 0.0 15571.75 13179.3125 13673.808719758064 31
stats: {load,"os_mon@localhost"} 1 0.62890625 0.0 1.7109375 0.0 0.8770833333333333 30
stats: session 0 0 0 250842.52905273438 5005.775146484375 250492.4483677979 20000
stats: users_count 0 20000
stats: finish_users_count 0 20000
stats: request 0 0 0 5218.85888671875 5000.8740234375 5010.693842709213 999800
stats: page 0 0 0 5218.85888671875 5000.8740234375 5010.693842709213 999800
stats: connect 0 0 0 24.337890625 0.548095703125 1.1152946290624681 20004
stats: 200 0 999800
stats: error_unknown_msg 0 4
stats: size_rcv 0 213937875
stats: size_sent 0 110978244
stats: connected 0 0
EndMonitor:{1503,742447,556033}
